0 info it worked if it ends with ok
1 verbose cli [ 'node',
1 verbose cli   '/home/manland/applications/nodejs/bin/npm',
1 verbose cli   'start',
1 verbose cli   'deploy' ]
2 info using npm@2.3.0
3 info using node@v0.10.32
4 verbose node symlink /home/manland/applications/nodejs/bin/node
5 verbose stack Error: missing script: start
5 verbose stack     at run (/home/manland/applications/node-v0.10.32-linux-x64/lib/node_modules/npm/lib/run-script.js:138:19)
5 verbose stack     at /home/manland/applications/node-v0.10.32-linux-x64/lib/node_modules/npm/lib/run-script.js:81:5
5 verbose stack     at /home/manland/applications/node-v0.10.32-linux-x64/lib/node_modules/npm/node_modules/read-package-json/read-json.js:51:40
5 verbose stack     at final (/home/manland/applications/node-v0.10.32-linux-x64/lib/node_modules/npm/node_modules/read-package-json/read-json.js:349:17)
5 verbose stack     at then (/home/manland/applications/node-v0.10.32-linux-x64/lib/node_modules/npm/node_modules/read-package-json/read-json.js:126:33)
5 verbose stack     at /home/manland/applications/node-v0.10.32-linux-x64/lib/node_modules/npm/node_modules/read-package-json/read-json.js:331:40
5 verbose stack     at evalmachine.<anonymous>:271:14
5 verbose stack     at /home/manland/applications/node-v0.10.32-linux-x64/lib/node_modules/npm/node_modules/graceful-fs/graceful-fs.js:102:5
5 verbose stack     at Object.oncomplete (evalmachine.<anonymous>:107:15)
6 verbose cwd /home/manland/projects/manland.github.com
7 error Linux 3.13.0-46-generic
8 error argv "node" "/home/manland/applications/nodejs/bin/npm" "start" "deploy"
9 error node v0.10.32
10 error npm  v2.3.0
11 error missing script: start
12 error If you need help, you may report this error at:
12 error     <http://github.com/npm/npm/issues>
13 verbose exit [ 1, true ]
